Time resolution is 1 ps
Error: Mid flag not set (or others wrong) !
Time: 75 ns  Iteration: 1  Process: /test_fifo/P_TEST  File: /home/ptm3368a/M1S2/SyntMat/TP7/test_fifo.0.vhd
Error: Full flag not set (or others wrong) !
Time: 95 ns  Iteration: 1  Process: /test_fifo/P_TEST  File: /home/ptm3368a/M1S2/SyntMat/TP7/test_fifo.0.vhd
Error: Full flag not set (or others wrong) !
Time: 115 ns  Iteration: 1  Process: /test_fifo/P_TEST  File: /home/ptm3368a/M1S2/SyntMat/TP7/test_fifo.0.vhd
Error: Full flag not set (or others wrong) !
Time: 135 ns  Iteration: 1  Process: /test_fifo/P_TEST  File: /home/ptm3368a/M1S2/SyntMat/TP7/test_fifo.0.vhd
Error: Data element READ is wrong (must be 0) !
Time: 185 ns  Iteration: 1  Process: /test_fifo/P_TEST  File: /home/ptm3368a/M1S2/SyntMat/TP7/test_fifo.0.vhd
Failure: FIN DE SIMULATION
Time: 205 ns  Iteration: 1  Process: /test_fifo/P_TEST  File: /home/ptm3368a/M1S2/SyntMat/TP7/test_fifo.0.vhd
$finish called at time : 205 ns : File "/home/ptm3368a/M1S2/SyntMat/TP7/test_fifo.0.vhd" Line 220
Error: Mid flag not set (or others wrong) !
Time: 75 ns  Iteration: 1  Process: /test_fifo/P_TEST  File: /home/ptm3368a/M1S2/SyntMat/TP7/test_fifo.0.vhd
Error: Full flag not set (or others wrong) !
Time: 95 ns  Iteration: 1  Process: /test_fifo/P_TEST  File: /home/ptm3368a/M1S2/SyntMat/TP7/test_fifo.0.vhd
Error: Full flag not set (or others wrong) !
Time: 115 ns  Iteration: 1  Process: /test_fifo/P_TEST  File: /home/ptm3368a/M1S2/SyntMat/TP7/test_fifo.0.vhd
Error: Full flag not set (or others wrong) !
Time: 135 ns  Iteration: 1  Process: /test_fifo/P_TEST  File: /home/ptm3368a/M1S2/SyntMat/TP7/test_fifo.0.vhd
Error: Data element READ is wrong (must be 0) !
Time: 185 ns  Iteration: 1  Process: /test_fifo/P_TEST  File: /home/ptm3368a/M1S2/SyntMat/TP7/test_fifo.0.vhd
Failure: FIN DE SIMULATION
Time: 205 ns  Iteration: 1  Process: /test_fifo/P_TEST  File: /home/ptm3368a/M1S2/SyntMat/TP7/test_fifo.0.vhd
$finish called at time : 205 ns : File "/home/ptm3368a/M1S2/SyntMat/TP7/test_fifo.0.vhd" Line 220
